os_version":"iPhone OS 11.2.5 (15D60)","incident_id":"BD2AF855-26B6-4669-B120-D599CDDFF9A7","name":"SLGoogleAuthService"}
Incident Identifier: BD2AF855-26B6-4669-B120-D599CDDFF9A7
CrashReporter Key:   os os
Hardware Model:      iPhone8,4
Process:             SLGoogleAuthService [670]
Path:                /Applications/SLGoogleAuth.app/PlugIns/SLGoogleAuthService.appex/SLGoogleAuthService
Identifier:          com.apple.social.SLGoogleAuth.SLGoogleAuthService
Version:             1 (1.0)
Code Type:           ARM-64 (Native)
Role:                Foreground
Parent Process:      launchd [1]
Coalition:           com.apple.social.SLGoogleAuth.SLGoogleAuthService [578]


Date/Time:           2018-02-17 01:38:14.1536 -0800
Launch Time:         2018-02-17 01:29:31.4099 -0800
OS Version:          iPhone OS 11.2.5 (15D60)
Baseband Version:    6.30.04
Report Version:      104

Exception Type:  EXC_CRASH (SIGKILL)
Exception Codes: 0x0000000000000000, 0x0000000000000000
Exception Note:  EXC_CORPSE_NOTIFY
Termination Reason: Namespace ASSERTIOND, Code 0x8badf00d
Triggered by Thread:  0

Filtered syslog:
None found

Thread 0 name:  Dispatch queue: com.apple.main-thread
Thread 0 Crashed:
0   libsystem_kernel.dylib        	0x00000001816df568 0x1816de000 + 5480
1   libsystem_kernel.dylib        	0x00000001816df3e0 0x1816de000 + 5088
2   CoreFoundation                	0x0000000181b93108 0x181aa8000 + 962824
3   CoreFoundation                	0x0000000181b90cd4 0x181aa8000 + 953556
4   CoreFoundation                	0x0000000181ab0c58 0x181aa8000 + 35928
5   GraphicsServices              	0x000000018395cf84 0x183952000 + 44932
6   UIKit                         	0x000000018b2095c4 0x18b196000 + 472516
7   libxpc.dylib                  	0x000000018185ce38 0x181849000 + 81464
8   libxpc.dylib                  	0x000000018185eefc 0x181849000 + 89852
9   Foundation                    	0x0000000182711bb4 0x1824d9000 + 2329524
10  PlugInKit                     	0x00000001870d1d48 0x1870bf000 + 77128
11  PlugInKit                     	0x00000001870d190c 0x1870bf000 + 76044
12  PlugInKit                     	0x00000001870d1d6c 0x1870bf000 + 77164
13  libdyld.dylib                 	0x00000001815d0568 0x1815cf000 + 5480

Thread 1 name:  com.apple.uikit.eventfetch-thread
Thread 1:
0   libsystem_kernel.dylib        	0x00000001816df568 0x1816de000 + 5480
1   libsystem_kernel.dylib        	0x00000001816df3e0 0x1816de000 + 5088
2   CoreFoundation                	0x0000000181b93108 0x181aa8000 + 962824
3   CoreFoundation                	0x0000000181b90cd4 0x181aa8000 + 953556
4   CoreFoundation                	0x0000000181ab0c58 0x181aa8000 + 35928
5   Foundation                    	0x00000001824e5594 0x1824d9000 + 50580
6   Foundation                    	0x00000001825049ac 0x1824d9000 + 178604
7   UIKit                         	0x000000018bd737a8 0x18b196000 + 12441512
8   Foundation                    	0x00000001825e70f4 0x1824d9000 + 1106164
9   libsystem_pthread.dylib       	0x00000001818142b4 0x181812000 + 8884
10  libsystem_pthread.dylib       	0x0000000181814180 0x181812000 + 8576
11  libsystem_pthread.dylib       	0x0000000181812b74 0x181812000 + 2932

Thread 2:
0   libsystem_kernel.dylib        	0x00000001817000f0 0x1816de000 + 139504
1   libsystem_pthread.dylib       	0x0000000181816ce4 0x181812000 + 19684
2   libc++.1.dylib                	0x0000000180db7f34 0x180db0000 + 32564
3   JavaScriptCore                	0x0000000188f59168 0x1885af000 + 10133864
4   JavaScriptCore                	0x0000000188f5903c 0x1885af000 + 10133564
5   JavaScriptCore                	0x0000000188f58ec0 0x1885af000 + 10133184
6   JavaScriptCore                	0x0000000188f591b8 0x1885af000 + 10133944
7   libsystem_pthread.dylib       	0x00000001818142b4 0x181812000 + 8884
8   libsystem_pthread.dylib       	0x0000000181814180 0x181812000 + 8576
9   libsystem_pthread.dylib       	0x0000000181812b74 0x181812000 + 2932

Thread 3 name:  com.apple.NSURLConnectionLoader
Thread 3:
0   libsystem_kernel.dylib        	0x00000001816df568 0x1816de000 + 5480
1   libsystem_kernel.dylib        	0x00000001816df3e0 0x1816de000 + 5088
2   CoreFoundation                	0x0000000181b93108 0x181aa8000 + 962824
3   CoreFoundation                	0x0000000181b90cd4 0x181aa8000 + 953556
4   CoreFoundation                	0x0000000181ab0c58 0x181aa8000 + 35928
5   CFNetwork                     	0x000000018239fb08 0x18216c000 + 2308872
6   Foundation                    	0x00000001825e70f4 0x1824d9000 + 1106164
7   libsystem_pthread.dylib       	0x00000001818142b4 0x181812000 + 8884
8   libsystem_pthread.dylib       	0x0000000181814180 0x181812000 + 8576
9   libsystem_pthread.dylib       	0x0000000181812b74 0x181812000 + 2932

Thread 4:
0   libsystem_pthread.dylib       	0x0000000181812b68 0x181812000 + 2920

Thread 5:
0   libsystem_pthread.dylib       	0x0000000181812b68 0x181812000 + 2920

Thread 6:
0   libsystem_pthread.dylib       	0x0000000181812b68 0x181812000 + 2920

Thread 0 crashed with ARM Thread State (64-bit):
    x0: 0x0000000000000000   x1: 0x0000000007000806   x2: 0x0000000000000000   x3: 0x0000000000000c00
    x4: 0x0000000000002003   x5: 0x00000000ffffffff   x6: 0x0000000000000000   x7: 0x0000000000000001
    x8: 0x00000000fffffbbf   x9: 0x0000000007000000  x10: 0x0000000007000100  x11: 0x0000000000000040
   x12: 0xffffffffffffffff  x13: 0x0000000000000001  x14: 0x090acc00090acc00  x15: 0x0000000000000000
   x16: 0xffffffffffffffe1  x17: 0x00000000ffffffff  x18: 0xfffffff01ac9925c  x19: 0x0000000000000000
   x20: 0x00000000ffffffff  x21: 0x0000000000002003  x22: 0x0000000000000c00  x23: 0x000000016b7dec68
   x24: 0x0000000007000806  x25: 0x0000000000000000  x26: 0x0000000007000806  x27: 0x0000000000000c00
   x28: 0x0000000000000001   fp: 0x000000016b7deb60   lr: 0x00000001816df3e0
    sp: 0x000000016b7deb10   pc: 0x00000001816df568 cpsr: 0x60000000

Binary Images:
0x104620000 - 0x104623fff SLGoogleAuthService arm64  <9d2fc887b3333fcaa7907955fbbb5dab> /Applications/SLGoogleAuth.app/PlugIns/SLGoogleAuthService.appex/SLGoogleAuthService
0x10469c000 - 0x1046dbfff dyld arm64  <477a8a1f098b3a80860d656a3f4918ea> /usr/lib/dyld
0x180dae000 - 0x180daffff libSystem.B.dylib arm64  <a9f67ca8b7963c699078236267472fb0> /usr/lib/libSystem.B.dylib
0x180db0000 - 0x180e09fff libc++.1.dylib arm64  <aee157a049663aa88c4e928768cfd553> /usr/lib/libc++.1.dylib
0x180e0a000 - 0x180e2afff libc++abi.dylib arm64  <b4f54419327f3bfea747549b84dad328> /usr/lib/libc++abi.dylib
0x180e2c000 - 0x1814e7fff libobjc.A.dylib arm64  <3a9d464322eb3285bc88fabf7cec20ed> /usr/lib/libobjc.A.dylib
0x1814e8000 - 0x1814ecfff libcache.dylib arm64  <474a695498903419b648b834067fac4e> /usr/lib/system/libcache.dylib
0x1814ed000 - 0x1814f8fff libcommonCrypto.dylib arm64  <f3a95fbdb7a037879160ae9e0ee14c37> /usr/lib/system/libcommonCrypto.dylib
0x1814f9000 - 0x1814fcfff libcompiler_rt.dylib arm64  <502de73c3e0c3ba78280e6164fe5728c> /usr/lib/system/libcompiler_rt.dylib
0x1814fd000 - 0x181504fff libcopyfile.dylib arm64  <b8c962560a1b3b639d562541d32f5960> /usr/lib/system/libcopyfile.dylib
0x181505000 - 0x181568fff libcorecrypto.dylib arm64  <db41a416fa083812bcafad6b888b152e> /usr/lib/system/libcorecrypto.dylib
0x181569000 - 0x1815cefff libdispatch.dylib arm64  <37135142d2043b5492d7a49be678b9ae> /usr/lib/system/libdispatch.dylib
0x1815cf000 - 0x1815e9fff libdyld.dylib arm64  <4f57dfca63a93930a57d2cea89307b01> /usr/lib/system/libdyld.dylib
0x1815ea000 - 0x1815eafff liblaunch.dylib arm64  <ca90373a022d3c38ac7ecd736c13bf9b> /usr/lib/system/liblaunch.dylib
0x1815eb000 - 0x1815f0fff libmacho.dylib arm64  <25640409947b3e20b1135068c80d8609> /usr/lib/system/libmacho.dylib
0x1815f1000 - 0x1815f2fff libremovefile.dylib arm64  <848fca02e8d930fd8659eb188d9bcedd> /usr/lib/system/libremovefile.dylib
0x1815f3000 - 0x18160afff libsystem_asl.dylib arm64  <255a36a954553a278ef2c8711ab62532> /usr/lib/system/libsystem_asl.dylib
0x18160b000 - 0x18160bfff libsystem_blocks.dylib arm64  <cbdfd75e23c43610991dc81d325587ea> /usr/lib/system/libsystem_blocks.dylib
0x18160c000 - 0x181689fff libsystem_c.dylib arm64  <2c43d27314963feb8966491ea64cf5a9> /usr/lib/system/libsystem_c.dylib
0x18168a000 - 0x18168efff libsystem_configuration.dylib arm64  <897ce699a6d73797810d7fe5ceef37d7> /usr/lib/system/libsystem_configuration.dylib
0x18168f000 - 0x181694fff libsystem_containermanager.dylib arm64  <ae270ac5b9613cfcb5a6ada4520b8a8b> /usr/lib/system/libsystem_containermanager.dylib
0x181695000 - 0x181696fff libsystem_coreservices.dylib arm64  <c897206125f13042a7f62767de020ae9> /usr/lib/system/libsystem_coreservices.dylib
0x181697000 - 0x181698fff libsystem_darwin.dylib arm64  <fc17590f3b6f3e2280aa164fe705e624> /usr/lib/system/libsystem_darwin.dylib
0x181699000 - 0x18169ffff libsystem_dnssd.dylib arm64  <2fdef17227d13f49929b104ec635667c> /usr/lib/system/libsystem_dnssd.dylib
0x1816a0000 - 0x1816ddfff libsystem_info.dylib arm64  <c20c44a2d57b330f9931ba840195ee45> /usr/lib/system/libsystem_info.dylib
0x1816de000 - 0x181706fff libsystem_kernel.dylib arm64  <6ca465bb9c013f9ab3fb24dd16418142> /usr/lib/system/libsystem_kernel.dylib
0x181707000 - 0x181734fff libsystem_m.dylib arm64  <a75c726ec49b3f48b83593be165afcfa> /usr/lib/system/libsystem_m.dylib
0x181735000 - 0x18174ffff libsystem_malloc.dylib arm64  <cce71425b3483c5fa3718246e8e27ed2> /usr/lib/system/libsystem_malloc.dylib
0x181750000 - 0x1817f0fff libsystem_network.dylib arm64  <cac262c32d6938abb9075481187087c4> /usr/lib/system/libsystem_network.dylib
0x1817f1000 - 0x1817fcfff libsystem_networkextension.dylib arm64  <40f740c2ec9b37cebe6043eecbd1927d> /usr/lib/system/libsystem_networkextension.dylib
0x1817fd000 - 0x181807fff libsystem_notify.dylib arm64  <c204b6b2ef2d38669fb985bc64f26a6b> /usr/lib/system/libsystem_notify.dylib
0x181808000 - 0x181811fff libsystem_platform.dylib arm64  <1fd32dd6f1da3029ae0fe5875eaceb94> /usr/lib/system/libsystem_platform.dylib
0x181812000 - 0x181821fff libsystem_pthread.dylib arm64  <2f9b440f88eb3cedb786b4b98586d78f> /usr/lib/system/libsystem_pthread.dylib
0x181822000 - 0x181825fff libsystem_sandbox.dylib arm64  <001e1a85480c3b07b93861fe7e69843b> /usr/lib/system/libsystem_sandbox.dylib
0x181826000 - 0x18182dfff libsystem_symptoms.dylib arm64  <56e7c311193139968b729073897fbdc6> /usr/lib/system/libsystem_symptoms.dylib
0x18182e000 - 0x181841fff libsystem_trace.dylib arm64  <8b98d3487b6e3b72863670eb57c3b4ff> /usr/lib/system/libsystem_trace.dylib
0x181842000 - 0x181847fff libunwind.dylib arm64  <a9da0d0735093dc38005623608c0f71e> /usr/lib/system/libunwind.dylib
0x181848000 - 0x181848fff libvminterpose.dylib arm64  <c1577063af17384b8091f9923960a1f1> /usr/lib/system/libvminterpose.dylib
0x181849000 - 0x181873fff libxpc.dylib arm64  <1732d812fa793d159965e668759a42df> /usr/lib/system/libxpc.dylib
0x181874000 - 0x181a95fff libicucore.A.dylib arm64  <32c272e1e9f735aba4c16a17580f13e3> /usr/lib/libicucore.A.dylib
0x181a96000 - 0x181aa7fff libz.1.dylib arm64  <c402ff63470b34df8634f2078cd151e1> /usr/lib/libz.1.dylib
0x181aa8000 - 0x181e3dfff CoreFoundation arm64  <846f4b1542383c98991c1314902e3d72> /System/Library/Frameworks/CoreFoundation.framework/CoreFoundation
0x181e3e000 - 0x181e4efff libbsm.0.dylib arm64  <b7a56e43a852351d8a2dab94c7fc04e6> /usr/lib/libbsm.0.dylib
0x181e4f000 - 0x181e4ffff libenergytrace.dylib arm64  <6adeca3b70ed33dda70a16353c5ef6ce> /usr/lib/libenergytrace.dylib
0x181e50000 - 0x181ed5fff IOKit arm64  <938f5f32ece43551a651b777bd44d431> /System/Library/Frameworks/IOKit.framework/Versions/A/IOKit
0x181ed6000 - 0x181fbffff libxml2.2.dylib arm64  <33530216f58333d993d4acb846c63aac> /usr/lib/libxml2.2.dylib
0x181fc0000 - 0x181fcdfff libbz2.1.0.dylib arm64  <35c6ddde076638589f755656ac0058ce> /usr/lib/libbz2.1.0.dylib
0x181fce000 - 0x181fe6fff liblzma.5.dylib arm64  <7d5815f117103d15a67fd30b3375b11b> /usr/lib/liblzma.5.dylib
0x181fe7000 - 0x182144fff libsqlite3.dylib arm64  <eac933b033d43444ae182e2d7de6137f> /usr/lib/libsqlite3.dylib
0x182145000 - 0x18216bfff libMobileGestalt.dylib arm64  <dc43249a916a3294a98ae31871591dd9> /usr/lib/libMobileGestalt.dylib
0x18216c000 - 0x1824d8fff CFNetwork arm64  <1b8095865d8a3b84a9cbe0d5d0354fc1> /System/Library/Frameworks/CFNetwork.framework/CFNetwork
0x1824d9000 - 0x1827d4fff Foundation arm64  <dad046ce90513de69c6ca86d7184b7c2> /System/Library/Frameworks/Foundation.framework/Foundation
0x1827d5000 - 0x1828c3fff Security arm64  <11c28a235f0d34a483d4c0c6d3a72617> /System/Library/Frameworks/Security.framework/Security
0x1828c4000 - 0x182930fff SystemConfiguration arm64  <e4021e13feec30af8e612a49060b1ad1> /System/Library/Frameworks/SystemConfiguration.framework/SystemConfiguration
0x182931000 - 0x182967fff libCRFSuite.dylib arm64  <faed949ffe90353091a2916aef415302> /usr/lib/libCRFSuite.dylib
0x182968000 - 0x182968fff libapple_crypto.dylib arm64  <7b69ce788b6f3bd581d76b857760c614> /usr/lib/libapple_crypto.dylib
0x182969000 - 0x18297ffff libapple_nghttp2.dylib arm64  <ff88135792b639679509b309f0c0cad9> /usr/lib/libapple_nghttp2.dylib
0x182980000 - 0x1829a9fff libarchive.2.dylib arm64  <957aea53942d3afc91420044f6ae5112> /usr/lib/libarchive.2.dylib
0x1829aa000 - 0x182a5bfff libboringssl.dylib arm64  <a515a4c41d7337dd85ed1db0cb3d1a09> /usr/lib/libboringssl.dylib
0x182a5c000 - 0x182a73fff libcoretls.dylib arm64  <c2287d06413f32c2aee0e6c3313d98c7> /usr/lib/libcoretls.dylib
0x182a74000 - 0x182a75fff libcoretls_cfhelpers.dylib arm64  <79276edd953836b698947c5db28c83ad> /usr/lib/libcoretls_cfhelpers.dylib
0x182a76000 - 0x182a77fff liblangid.dylib arm64  <11d94ede5ab1300a820d96e3374f53fa> /usr/lib/liblangid.dylib
0x182a78000 - 0x182b4bfff libnetwork.dylib arm64  <e4a37ecffec3327bb37e3fd427c92b87> /usr/lib/libnetwork.dylib
0x182b4c000 - 0x182b7efff libpcap.A.dylib arm64  <419a8dd2325a326c81b4b02d849ce562> /usr/lib/libpcap.A.dylib
0x182b7f000 - 0x182bb3fff libusrtcp.dylib arm64  <227ec64866e53676828e76f89c1e4928> /usr/lib/libusrtcp.dylib
0x182bb4000 - 0x182bbdfff IOSurface arm64  <76764bfa34e8365e8263c8ec57868e70> /System/Library/Frameworks/IOSurface.framework/IOSurface
0x182bbe000 - 0x182c63fff libBLAS.dylib arm64  <05ecdd31f9573a069c0e8b3d610bbc3f> /System/Library/Frameworks/Accelerate.framework/Frameworks/vecLib.framework/libBLAS.dylib
0x182c64000 - 0x182f93fff libLAPACK.dylib arm64  <3e55f73c8a4c329d8bb7f5e58ed687c3> /System/Library/Frameworks/Accelerate.framework/Frameworks/vecLib.framework/libLAPACK.dylib
0x182f94000 - 0x183200fff vImage arm64  <7fabce5d1fe83c38aa998440146eb09b> /System/Library/Frameworks/Accelerate.framework/Frameworks/vImage.framework/vImage
0x183201000 - 0x183212fff libSparseBLAS.dylib arm64  <88335b280db13b3d812ee89998bc363c> /System/Library/Frameworks/Accelerate.framework/Frameworks/vecLib.framework/libSparseBLAS.dylib
0x183213000 - 0x183237fff libvMisc.dylib arm64  <20da313fe2343db189a04c72928eb120> /System/Library/Frameworks/Accelerate.framework/Frameworks/vecLib.framework/libvMisc.dylib
0x183238000 - 0x183262fff libBNNS.dylib arm64  <19481dd658fb3f949cc1874250cfead5> /System/Library/Frameworks/Accelerate.framework/Frameworks/vecLib.framework/libBNNS.dylib
0x183263000 - 0x183278fff libLinearAlgebra.dylib arm64  <0f6e8d5a7dd8384ebb8a873c2caa7ad7> /System/Library/Frameworks/Accelerate.framework/Frameworks/vecLib.framework/libLinearAlgebra.dylib
0x183279000 - 0x18327dfff libQuadrature.dylib arm64  <124a57c41e3e3956b46e10d49ddf8fe1> /System/Library/Frameworks/Accelerate.framework/Frameworks/vecLib.framework/libQuadrature.dylib
0x18327e000 - 0x1832d4fff libSparse.dylib arm64  <c7def66b4a4c3f29b55fcbdcf881e3f2> /System/Library/Frameworks/Accelerate.framework/Frameworks/vecLib.framework/libSparse.dylib
0x1832d5000 - 0x18334dfff libvDSP.dylib arm64  <4bf846f47a0e309db93bbbc791720463> /System/Library/Frameworks/Accelerate.framework/Frameworks/vecLib.framework/libvDSP.dylib
0x18334e000 - 0x18334efff vecLib arm64  <86cdd48d842334dd831b1fc0e2b0270f> /System/Library/Frameworks/Accelerate.framework/Frameworks/vecLib.framework/vecLib
0x18334f000 - 0x18334ffff Accelerate arm64  <01d515c3376c332799f14694934ed70b> /System/Library/Frameworks/Accelerate.framework/Accelerate
0x183350000 - 0x183365fff libcompression.dylib arm64  <b1a3a8c4b3a6301da874dc2af4a50920> /usr/lib/libcompression.dylib
0x183366000 - 0x1838aafff CoreGraphics arm64  <1d111fedd821351f8d22fe4f2840719a> /System/Library/Frameworks/CoreGraphics.framework/CoreGraphics
0x1838ab000 - 0x1838b0fff IOAccelerator arm64  <ff13ef43a6f73cdaa52ce9abae404d3c> /System/Library/PrivateFrameworks/IOAccelerator.framework/IOAccelerator
0x1838b1000 - 0x1838b6fff libCoreFSCache.dylib arm64  <ac1882646b0c3cccb69dfc5246995396> /System/Library/Frameworks/OpenGLES.framework/libCoreFSCache.dylib
0x1838b7000 - 0x183951fff Metal arm64  <5810b5432e4c34cf9f254b60f64e5e89> /System/Library/Frameworks/Metal.framework/Metal
0x183952000 - 0x183965fff GraphicsServices arm64  <208776c1b0a73cb4827546b47cdfca63> /System/Library/PrivateFrameworks/GraphicsServices.framework/GraphicsServices
0x183966000 - 0x183abefff MobileCoreServices arm64  <ceed55b6a3083c1b93152daff0cc2ab5> /System/Library/Frameworks/MobileCoreServices.framework/MobileCoreServices
0x183abf000 - 0x183ac1fff IOSurfaceAccelerator arm64  <4feb745bfd323a0da4357d5fc65f54b2> /System/Library/PrivateFrameworks/IOSurfaceAccelerator.framework/IOSurfaceAccelerator
0x183ac2000 - 0x183b03fff AppleJPEG arm64  <823dea35af383cf987bdd6d2b653d41f> /System/Library/PrivateFrameworks/AppleJPEG.framework/AppleJPEG
0x183b04000 - 0x1840b4fff ImageIO arm64  <090201d1811b3083b64c89e1c9694585> /System/Library/Frameworks/ImageIO.framework/ImageIO
0x1840b5000 - 0x184119fff BaseBoard arm64  <5c05976a04053b179505341ce299f130> /System/Library/PrivateFrameworks/BaseBoard.framework/BaseBoard
0x18411a000 - 0x184131fff AssertionServices arm64  <eac3dcdc35103304b3dc72ce0c8a0a07> /System/Library/PrivateFrameworks/AssertionServices.framework/AssertionServices
0x184132000 - 0x18413afff CorePhoneNumbers arm64  <3f42ae84ea833c52b8cd522108d259b2> /System/Library/PrivateFrameworks/CorePhoneNumbers.framework/CorePhoneNumbers
0x18413b000 - 0x18417ffff AppSupport arm64  <ac0c26eabc2e3737b4b0f6e524f9c54f> /System/Library/PrivateFrameworks/AppSupport.framework/AppSupport
0x184180000 - 0x184198fff CrashReporterSupport arm64  <28a3b2eac04b3ec482639475186d309c> /System/Library/PrivateFrameworks/CrashReporterSupport.framework/CrashReporterSupport
0x184199000 - 0x18419efff AggregateDictionary arm64  <60d5c87dbe3e3c48a3e0b91ae2cad9e7> /System/Library/PrivateFrameworks/AggregateDictionary.framework/AggregateDictionary
0x18419f000 - 0x184220fff libTelephonyUtilDynamic.dylib arm64  <46d5ede9f7fe338c97671721fbad60cc> /usr/lib/libTelephonyUtilDynamic.dylib
0x184221000 - 0x184240fff ProtocolBuffer arm64  <8963290d47123204921f70ae9bb9612a> /System/Library/PrivateFrameworks/ProtocolBuffer.framework/ProtocolBuffer
0x184241000 - 0x18426cfff MobileKeyBag arm64  <d8ce3418ab5b3832906e77aa9e3c9aad> /System/Library/PrivateFrameworks/MobileKeyBag.framework/MobileKeyBag
0x18426d000 - 0x1842a1fff BackBoardServices arm64  <2b30bebf7da7379db6b6538ca533fd6b> /System/Library/PrivateFrameworks/BackBoardServices.framework/BackBoardServices
0x1842a2000 - 0x1842fdfff FrontBoardServices arm64  <5bff8665f950326a8ad86be07a66a48a> /System/Library/PrivateFrameworks/FrontBoardServices.framework/FrontBoardServices
0x1842fe000 - 0x18433afff SpringBoardServices arm64  <415fae0b30393d0d92bf23dc22de21c4> /System/Library/PrivateFrameworks/SpringBoardServices.framework/SpringBoardServices
0x18433b000 - 0x184349fff PowerLog arm64  <83c23c8e972438b79e688c4d455b1b5e> /System/Library/PrivateFrameworks/PowerLog.framework/PowerLog
0x18434a000 - 0x184367fff CommonUtilities arm64  <dcd92acd9a14345e9b63801706e4a82e> /System/Library/PrivateFrameworks/CommonUtilities.framework/CommonUtilities
0x184368000 - 0x184373fff liblockdown.dylib arm64  <2fec7d5a759c32f293936f78220c1fc4> /usr/lib/liblockdown.dylib
0x184374000 - 0x184676fff CoreData arm64  <b972e9f8b7de3a568acb4ed8216f0b76> /System/Library/Frameworks/CoreData.framework/CoreData
0x184677000 - 0x18467dfff TCC arm64  <06384f9076eb3e06a7d2a883d6007b3d> /System/Library/PrivateFrameworks/TCC.framework/TCC
0x18467e000 - 0x184685fff libcupolicy.dylib arm64  <e6b23e36e1a335ad974f6b35ba2b033b> /usr/lib/libcupolicy.dylib
0x184686000 - 0x184712fff CoreTelephony arm64  <e63112dd995a333ca54d3f6d60ae18c7> /System/Library/Frameworks/CoreTelephony.framework/CoreTelephony
0x184713000 - 0x184769fff Accounts arm64  <3f8159d915823051a17536c6b21e81a9> /System/Library/Frameworks/Accounts.framework/Accounts
0x18476a000 - 0x184793fff AppleSauce arm64  <4b81009f219e3f3794d3ff93ddcd0547> /System/Library/PrivateFrameworks/AppleSauce.framework/AppleSauce
0x184794000 - 0x18479cfff DataMigration arm64  <e98907cbf67e35ca998fab8c64f92eea> /System/Library/PrivateFrameworks/DataMigration.framework/DataMigration
0x18479d000 - 0x1847a3fff Netrb arm64  <9f8ebcf99af53a7087add608b6fb9c2a> /System/Library/PrivateFrameworks/Netrb.framework/Netrb
0x1847a4000 - 0x1847d7fff PersistentConnection arm64  <c00b010864ca32d78dadbf487d8fb9f7> /System/Library/PrivateFrameworks/PersistentConnection.framework/PersistentConnection
0x1847d8000 - 0x1847e9fff libmis.dylib arm64  <1885af6da98d3997abff70b062548010> /usr/lib/libmis.dylib
0x1847ea000 - 0x1848eafff ManagedConfiguration arm64  <b37e31dfe0b4340f86d707d09f210545> /System/Library/PrivateFrameworks/ManagedConfiguration.framework/ManagedConfiguration
0x1848eb000 - 0x1848f0fff libReverseProxyDevice.dylib arm64  <d6cfe7cabd433fe5a8bd77fba606479a> /usr/lib/libReverseProxyDevice.dylib
0x1848f1000 - 0x184902fff libamsupport.dylib arm64  <48a69db1f895324d8debac434913a4e5> /usr/lib/libamsupport.dylib
0x184903000 - 0x184908fff libCoreVMClient.dylib arm64  <017bacb6b7e83fdda154764e0492358a> /System/Library/Frameworks/OpenGLES.framework/libCoreVMClient.dylib
0x184909000 - 0x18490afff libCVMSPluginSupport.dylib arm64  <79591b228c133dc7a93fcdb529f5c1c9> /System/Library/Frameworks/OpenGLES.framework/libCVMSPluginSupport.dylib
0x18490b000 - 0x18490efff libutil.dylib arm64  <b82455fcf10c34ddbe0871d7e6998071> /usr/lib/libutil.dylib
0x18490f000 - 0x184950fff libGLImage.dylib arm64  <9ac83085267733acb9bc652dd70dcc2d> /System/Library/Frameworks/OpenGLES.framework/libGLImage.dylib
0x184951000 - 0x1849c1fff APFS arm64  <a56b1bb534613a6da50d098073bfe7a7> /System/Library/PrivateFrameworks/APFS.framework/APFS
0x1849c2000 - 0x1849f3fff MediaKit arm64  <3b199804d91e3afcb08a2698062cff65> /System/Library/PrivateFrameworks/MediaKit.framework/MediaKit
0x1849f4000 - 0x184a0cfff libSERestoreInfo.dylib arm64  <25abfa4121b03a25b5422fa6ba16b695> /usr/lib/updaters/libSERestoreInfo.dylib
0x184a11000 - 0x184a4dfff DiskImages arm64  <c78798bf47263e8d8ba1403fa9753a41> /System/Library/PrivateFrameworks/DiskImages.framework/DiskImages
0x184a4e000 - 0x184a58fff libGFXShared.dylib arm64  <425823fa3f663785af7e7e72e74a2eee> /System/Library/Frameworks/OpenGLES.framework/libGFXShared.dylib
0x184a59000 - 0x184a9ffff libauthinstall.dylib arm64  <51c4aba4fa7f376dbee944ee466f56c1> /usr/lib/libauthinstall.dylib
0x184aa0000 - 0x184aa8fff IOMobileFramebuffer arm64  <e77d0723d9ca3bd49aed5354023ac013> /System/Library/PrivateFrameworks/IOMobileFramebuffer.framework/IOMobileFramebuffer
0x184aa9000 - 0x184ab4fff OpenGLES arm64  <e2869e8b79a63c9ca81291d5a6714ef6> /System/Library/Frameworks/OpenGLES.framework/OpenGLES
0x184ab5000 - 0x184b3cfff ColorSync arm64  <174c246784a4333db343d29ca59affcb> /System/Library/PrivateFrameworks/ColorSync.framework/ColorSync
0x184b3d000 - 0x184b67fff CoreVideo arm64  <69c63a3d198a34de9f343ad8e8181059> /System/Library/Frameworks/CoreVideo.framework/CoreVideo
0x184b68000 - 0x184b69fff libCTGreenTeaLogger.dylib arm64  <e5ad1c68080134edaf25ccea03e08a52> /usr/lib/libCTGreenTeaLogger.dylib
0x184b6a000 - 0x184cccfff CoreAudio arm64  <7ad95e096a253ff58b74a03e3f252a4e> /System/Library/Frameworks/CoreAudio.framework/CoreAudio
0x184ccd000 - 0x184cfbfff CoreAnalytics arm64  <be12a86b5538303fadce7fb5cac04ff5> /System/Library/PrivateFrameworks/CoreAnalytics.framework/CoreAnalytics
0x184cfc000 - 0x184cfffff UserFS arm64  <52342f6a8e273c7391e327deb2ab82e4> /System/Library/PrivateFrameworks/UserFS.framework/UserFS
0x184d00000 - 0x184e73fff CoreMedia arm64  <ac554e80365734d88d03dc363716a637> /System/Library/Frameworks/CoreMedia.framework/CoreMedia
0x184e74000 - 0x184e86fff libprotobuf-lite.dylib arm64  <2ed5fd0c82f8337b96e17a7b1846b878> /usr/lib/libprotobuf-lite.dylib
0x184e87000 - 0x184eebfff libprotobuf.dylib arm64  <0a967243387e32aeb31a8b5ceeac3718> /usr/lib/libprotobuf.dylib
0x184eec000 - 0x1851c9fff libAWDSupportFramework.dylib arm64  <db0f4644d45938e39bdace7ecc5c6eeb> /usr/lib/libAWDSupportFramework.dylib
0x1851ca000 - 0x185210fff WirelessDiagnostics arm64  <903eca346b9a357eb9d6939c5a2da02d> /System/Library/PrivateFrameworks/WirelessDiagnostics.framework/WirelessDiagnostics
0x185211000 - 0x1852c9fff VideoToolbox arm64  <d18b9ae1333e3227806dea21be49a8d2> /System/Library/Frameworks/VideoToolbox.framework/VideoToolbox
0x1852ca000 - 0x1853d5fff libFontParser.dylib arm64  <d502b1402ada3abfb17dd35e3b6ccfd3> /System/Library/PrivateFrameworks/FontServices.framework/libFontParser.dylib
0x1853d6000 - 0x1853d7fff FontServices arm64  <0c499009fcb931d18cf6bfdc1af51684> /System/Library/PrivateFrameworks/FontServices.framework/FontServices
0x1853d8000 - 0x185527fff CoreText arm64  <d661c768e3443e978129062a0d37d6dc> /System/Library/Frameworks/CoreText.framework/CoreText
0x185528000 - 0x185537fff IntlPreferences arm64  <407354c5c0f03388a2e8ef921d092bf2> /System/Library/PrivateFrameworks/IntlPreferences.framework/IntlPreferences
0x185538000 - 0x185540fff RTCReporting arm64  <2710371c2d763bde99c5e3ce763cebf9> /System/Library/PrivateFrameworks/RTCReporting.framework/RTCReporting
0x185541000 - 0x1855affff CoreBrightness arm64  <ac737e260dda338687d75091a549cbe7> /System/Library/PrivateFrameworks/CoreBrightness.framework/CoreBrightness
0x1855b0000 - 0x1855bbfff libAudioStatistics.dylib arm64  <f144e9f449f0366d903c07dc7042e1bb> /usr/lib/libAudioStatistics.dylib
0x1855bc000 - 0x185b0cfff AudioToolbox arm64  <32fc6cb60ab531a892ee7db6030dcee9> /System/Library/Frameworks/AudioToolbox.framework/AudioToolbox
0x185b0d000 - 0x185d3dfff QuartzCore arm64  <0e7efded7b69323094142d876969c3ff> /System/Library/Frameworks/QuartzCore.framework/QuartzCore
0x185d3e000 - 0x185d49fff MediaAccessibility arm64  <c08f2d8d22ad32e696bbfe19c1f00132> /System/Library/Frameworks/MediaAccessibility.framework/MediaAccessibility
0x185d4a000 - 0x185e3cfff libiconv.2.dylib arm64  <28fec549f7f6396483fb3b04c800adcb> /usr/lib/libiconv.2.dylib
0x185e3d000 - 0x185e59fff NetworkStatistics arm64  <67dd3f90fc933567af5f336e36a3f69a> /System/Library/PrivateFrameworks/NetworkStatistics.framework/NetworkStatistics
0x185e5a000 - 0x185e6ffff MPSCore arm64  <2b8da25dee323cb0871eb5839266c6b1> /System/Library/Frameworks/MetalPerformanceShaders.framework/Frameworks/MPSCore.framework/MPSCore
0x185e70000 - 0x185ed4fff MPSImage arm64  <c54b04d27c9639958942abdf2b0aa21a> /System/Library/Frameworks/MetalPerformanceShaders.framework/Frameworks/MPSImage.framework/MPSImage
0x185ed5000 - 0x185ef5fff MPSMatrix arm64  <7f20afd02853372eaeac3604ab798ca9> /System/Library/Frameworks/MetalPerformanceShaders.framework/Frameworks/MPSMatrix.framework/MPSMatrix
0x185ef6000 - 0x185f04fff CoreAUC arm64  <24c1f952294f3d769d3b2d3d3df002f9> /System/Library/PrivateFrameworks/CoreAUC.framework/CoreAUC
0x185f05000 - 0x18658afff MediaToolbox arm64  <a6ee11cab3b83741ba23824098c0765d> /System/Library/Frameworks/MediaToolbox.framework/MediaToolbox
0x18658b000 - 0x186651fff MPSNeuralNetwork arm64  <e9b49812899e39b98e4f16b1e4929859> /System/Library/Frameworks/MetalPerformanceShaders.framework/Frameworks/MPSNeuralNetwork.framework/MPSNeuralNetwork
0x186652000 - 0x186652fff MetalPerformanceShaders arm64  <968c8d8650a6345e99c11a24d4908a14> /System/Library/Frameworks/MetalPerformanceShaders.framework/MetalPerformanceShaders
0x186653000 - 0x186a86fff FaceCore arm64  <ce35d4571e5032258ca94f23e53a1a16> /System/Library/PrivateFrameworks/FaceCore.framework/FaceCore
0x186a87000 - 0x186a94fff GraphVisualizer arm64  <9731b1a2362e35e5b47495a6f4a49d31> /System/Library/PrivateFrameworks/GraphVisualizer.framework/GraphVisualizer
0x186a95000 - 0x186c3afff libFosl_dynamic.dylib arm64  <8dade3ca46eb36ba918cabaae25e7279> /usr/lib/libFosl_dynamic.dylib
0x186c3b000 - 0x186ea0fff CoreImage arm64  <708015be329e31eabd93df07dec18a17> /System/Library/Frameworks/CoreImage.framework/CoreImage
0x186ea1000 - 0x18708ffff CoreMotion arm64  <168555a078273fb090092d49d26d931a> /System/Library/Frameworks/CoreMotion.framework/CoreMotion
0x187090000 - 0x1870befff CoreBluetooth arm64  <98a36c47a17f3e10ac4fbf0b64ba5e96> /System/Library/Frameworks/CoreBluetooth.framework/CoreBluetooth
0x1870bf000 - 0x1870e1fff PlugInKit arm64  <9a0fc8c71da23cbaac48ef7266d3b164> /System/Library/PrivateFrameworks/PlugInKit.framework/PlugInKit
0x1870e2000 - 0x18730cfff Celestial arm64  <b7db9c6fd6c93fd9b6e11e7b453d9a8d> /System/Library/PrivateFrameworks/Celestial.framework/Celestial
0x18730d000 - 0x18738ffff Quagga arm64  <311b83d6d2f338d586facf10f1a90cd2> /System/Library/PrivateFrameworks/Quagga.framework/Quagga
0x187390000 - 0x187489fff AVFAudio arm64  <96ab57ad22ea36f5ad3c8718c1ab8764> /System/Library/Frameworks/AVFoundation.framework/Frameworks/AVFAudio.framework/AVFAudio
0x18748a000 - 0x187678fff AVFoundation arm64  <48a63876248b347bb20e36798bc04115> /System/Library/Frameworks/AVFoundation.framework/AVFoundation
0x187679000 - 0x18769cfff CacheDelete arm64  <4376983fcac03a6f9a5a2e244d96a699> /System/Library/PrivateFrameworks/CacheDelete.framework/CacheDelete
0x18769d000 - 0x1876c2fff StreamingZip arm64  <dacb59888b7f31a39e95cf0ea3a741ef> /System/Library/PrivateFrameworks/StreamingZip.framework/StreamingZip
0x1876c3000 - 0x1876d4fff CoreEmoji arm64  <0fed33cbda37338b9a43e1ef58c8e0f2> /System/Library/PrivateFrameworks/CoreEmoji.framework/CoreEmoji
0x1876d5000 - 0x187723fff CoreLocationProtobuf arm64  <0bda60fa58b13f409cd272342665fd89> /System/Library/PrivateFrameworks/CoreLocationProtobuf.framework/CoreLocationProtobuf
0x187724000 - 0x18772bfff SymptomDiagnosticReporter arm64  <c1f54dbc49c53abbbe651644b610c4b0> /System/Library/PrivateFrameworks/SymptomDiagnosticReporter.framework/SymptomDiagnosticReporter
0x18772c000 - 0x18802dfff GeoServices arm64  <764874763fc63346a6d438c2a8328fab> /System/Library/PrivateFrameworks/GeoServices.framework/GeoServices
0x18802e000 - 0x188045fff MobileAsset arm64  <4c1572513f59389e84081a755103547b> /System/Library/PrivateFrameworks/MobileAsset.framework/MobileAsset
0x188046000 - 0x188087fff Lexicon arm64  <3de08451c03d3ad082074fd27e7647d4> /System/Library/PrivateFrameworks/Lexicon.framework/Lexicon
0x188088000 - 0x188098fff libcmph.dylib arm64  <8b492aa79dc5318481752d5cba68e84b> /usr/lib/libcmph.dylib
0x188099000 - 0x1881b5fff LanguageModeling arm64  <a0b0121d2e253a4993a81f1052d1aa2c> /System/Library/PrivateFrameworks/LanguageModeling.framework/LanguageModeling
0x1881b6000 - 0x1881cdfff libmarisa.dylib arm64  <948c4447eef032a2bd7fdb0d5860359c> /usr/lib/libmarisa.dylib
0x1881ce000 - 0x188268fff CoreLocation arm64  <c081a6fe64d532408da8f7a9d5e0e9da> /System/Library/Frameworks/CoreLocation.framework/CoreLocation
0x188269000 - 0x188269fff PhoneNumbers arm64  <a379685eef203ca7b1aa057fd8218ddb> /System/Library/PrivateFrameworks/PhoneNumbers.framework/PhoneNumbers
0x18826a000 - 0x188275fff libChineseTokenizer.dylib arm64  <54b3896b7e3c37d7a2aa5cd17ea3b4fd> /usr/lib/libChineseTokenizer.dylib
0x188276000 - 0x188323fff libmecab_em.dylib arm64  <0a7c2fd4dd613449a0bdae35e1c05621> /usr/lib/libmecab_em.dylib
0x188324000 - 0x188325fff libThaiTokenizer.dylib arm64  <05630da4695731c2a45c765e3f71b1fe> /usr/lib/libThaiTokenizer.dylib
0x188326000 - 0x18832afff libgermantok.dylib arm64  <b61ca93824353a36954523113f1be1a4> /usr/lib/libgermantok.dylib
0x18832b000 - 0x188383fff CoreNLP arm64  <631fdf115f0c3047a3ca6dd7b28c073b> /System/Library/PrivateFrameworks/CoreNLP.framework/CoreNLP
0x188384000 - 0x188542fff MobileSpotlightIndex arm64  <cd13d8305e4230e6b001ff9d173470c3> /System/Library/PrivateFrameworks/MobileSpotlightIndex.framework/MobileSpotlightIndex
0x1885af000 - 0x188fe4fff JavaScriptCore arm64  <e5e2cd24ee8e39a5908c7512a93dbc4f> /System/Library/Frameworks/JavaScriptCore.framework/JavaScriptCore
0x188fe5000 - 0x188feafff libheimdal-asn1.dylib arm64  <1dc1aa4421fe3ddea53a07080c5058c6> /usr/lib/libheimdal-asn1.dylib
0x188feb000 - 0x189065fff libate.dylib arm64  <bb4173dd632f3d9baf425608ec3ad1a7> /usr/lib/libate.dylib
0x189066000 - 0x189108fff TextureIO arm64  <d5473c10ba4c31f29814c5940d66f041> /System/Library/PrivateFrameworks/TextureIO.framework/TextureIO
0x189109000 - 0x1891d3fff CoreUI arm64  <8e5892440df03a3f9342ba386f3c8012> /System/Library/PrivateFrameworks/CoreUI.framework/CoreUI
0x1891d4000 - 0x1891ddfff MobileIcons arm64  <8d72c789b63c3d9eb0236814a909a473> /System/Library/PrivateFrameworks/MobileIcons.framework/MobileIcons
0x1891ed000 - 0x189246fff TextInput arm64  <5e1c89ec1e1c310caa79b707ee359048> /System/Library/PrivateFrameworks/TextInput.framework/TextInput
0x189247000 - 0x18926ffff libxslt.1.dylib arm64  <9f41e38d7d1d374eb4c317ffa766d51d> /usr/lib/libxslt.1.dylib
0x1892a6000 - 0x18933bfff FileProvider arm64  <81d2b19a8fe03251acd4b816dfd08908> /System/Library/Frameworks/FileProvider.framework/FileProvider
0x18943c000 - 0x189514fff ProofReader arm64  <849c04e5566338138c5645a080801bb1> /System/Library/PrivateFrameworks/ProofReader.framework/ProofReader
0x189515000 - 0x189529fff libAccessibility.dylib arm64  <04185c7e9c1e340da5c2bccb2ca2b1af> /usr/lib/libAccessibility.dylib
0x18952a000 - 0x189982fff libwebrtc.dylib arm64  <9c780252d56939d1bc15e93523a790a2> /System/Library/PrivateFrameworks/WebCore.framework/Frameworks/libwebrtc.dylib
0x189983000 - 0x1899e3fff ContactsFoundation arm64  <3424e3697ab4310fa1d425d04888768e> /System/Library/PrivateFrameworks/ContactsFoundation.framework/ContactsFoundation
0x1899e4000 - 0x18ae01fff WebCore arm64  <efe4ff69a90238958ea8d3cfe946c772> /System/Library/PrivateFrameworks/WebCore.framework/WebCore
0x18ae02000 - 0x18af75fff WebKitLegacy arm64  <3806037d085136809a33f0fd56b200e2> /System/Library/PrivateFrameworks/WebKitLegacy.framework/WebKitLegacy
0x18af76000 - 0x18af9efff DataAccessExpress arm64  <14e9e1270dca3e0c90bf867c08dbc188> /System/Library/PrivateFrameworks/DataAccessExpress.framework/DataAccessExpress
0x18af9f000 - 0x18b037fff AddressBookLegacy arm64  <fe457d495a9635fb95e1a6634647e058> /System/Library/PrivateFrameworks/AddressBookLegacy.framework/AddressBookLegacy
0x18b038000 - 0x18b08ffff ProtectedCloudStorage arm64  <b1c62916dfa63e219fa7b3fe96680790> /System/Library/PrivateFrameworks/ProtectedCloudStorage.framework/ProtectedCloudStorage
0x18b090000 - 0x18b0bcfff UserNotifications arm64  <1acc9bc755ae33708ad7a5eeadf6b8ec> /System/Library/Frameworks/UserNotifications.framework/UserNotifications
0x18b0bd000 - 0x18b0c8fff AppleIDAuthSupport arm64  <ecb924f2b727397ead08fd2c129b872c> /System/Library/PrivateFrameworks/AppleIDAuthSupport.framework/AppleIDAuthSupport
0x18b0c9000 - 0x18b117fff AuthKit arm64  <b6db54b7c02433bd953d11d17cff6724> /System/Library/PrivateFrameworks/AuthKit.framework/AuthKit
0x18b142000 - 0x18b195fff DocumentManager arm64  <6753460517ce35f1a33d34fe9819ca81> /System/Library/Frameworks/UIKit.framework/Frameworks/DocumentManager.framework/DocumentManager
0x18b196000 - 0x18c21bfff UIKit arm64  <1ae0c6d9279b3ac4a7e10bf3a63a0692> /System/Library/Frameworks/UIKit.framework/UIKit
0x18c21c000 - 0x18c22dfff DocumentManagerCore arm64  <051e2c78e43f3700af20321c6e289322> /System/Library/PrivateFrameworks/DocumentManagerCore.framework/DocumentManagerCore
0x18c22e000 - 0x18c232fff HangTracer arm64  <f66e4e75e8073b9290d9723d324edb88> /System/Library/PrivateFrameworks/HangTracer.framework/HangTracer
0x18c233000 - 0x18c285fff PhysicsKit arm64  <469bfd49cb5636da8a84d78ba983642c> /System/Library/PrivateFrameworks/PhysicsKit.framework/PhysicsKit
0x18c286000 - 0x18c288fff StudyLog arm64  <9b3ba7d0a1dd3b1da0b003c214cfc816> /System/Library/PrivateFrameworks/StudyLog.framework/StudyLog
0x18c289000 - 0x18c369fff UIFoundation arm64  <fa727d25bd7432f3afe426784ff9cdd1> /System/Library/PrivateFrameworks/UIFoundation.framework/UIFoundation
0x18c36a000 - 0x18c476fff CloudKit arm64  <386b94a754bf31489efb35138c200122> /System/Library/Frameworks/CloudKit.framework/CloudKit
0x18c477000 - 0x18c477fff IntentsFoundation arm64  <5efb8e90072f34a490bd2329291d416b> /System/Library/PrivateFrameworks/IntentsFoundation.framework/IntentsFoundation
0x18c478000 - 0x18c541fff Network arm64  <64b464c46498305a8f6d0522bf0e112b> /System/Library/PrivateFrameworks/Network.framework/Network
0x18c542000 - 0x18c74cfff Intents arm64  <5964d059def33218a84a588e74da3b47> /System/Library/Frameworks/Intents.framework/Intents
0x18c74d000 - 0x18c768fff libresolv.9.dylib arm64  <1243b6c2a9b93b79898311cb8d37d87a> /usr/lib/libresolv.9.dylib
0x18c769000 - 0x18c76bfff CoreDuetDebugLogging arm64  <2fe962b39bad35db8e01cb063b4801fa> /System/Library/PrivateFrameworks/CoreDuetDebugLogging.framework/CoreDuetDebugLogging
0x18c76c000 - 0x18c7a0fff libtidy.A.dylib arm64  <f8dae748d73237b985dd34f9ef9f953f> /usr/lib/libtidy.A.dylib
0x18c7a1000 - 0x18c8cbfff CoreDuet arm64  <61357701c05f3f518a28040df994ab13> /System/Library/PrivateFrameworks/CoreDuet.framework/CoreDuet
0x18c8cc000 - 0x18c8eafff CoreDuetContext arm64  <2330b26c7ae03b6ca8b867f1f3d0564f> /System/Library/PrivateFrameworks/CoreDuetContext.framework/CoreDuetContext
0x18c8eb000 - 0x18c8fffff CoreDuetDaemonProtocol arm64  <ae9ef5d9815c38449f169224df9eaca0> /System/Library/PrivateFrameworks/CoreDuetDaemonProtocol.framework/CoreDuetDaemonProtocol
0x18c900000 - 0x18c96bfff IMFoundation arm64  <d3353950621838d490f40b99c9b3938d> /System/Library/PrivateFrameworks/IMFoundation.framework/IMFoundation
0x18c96c000 - 0x18c99afff vCard arm64  <b0a50e4baac93faa8dcdeb7d37e521d1> /System/Library/PrivateFrameworks/vCard.framework/vCard
0x18c99b000 - 0x18caa6fff Contacts arm64  <4e8acc9e76de3e49a6264964058223e4> /System/Library/Frameworks/Contacts.framework/Contacts
0x18caa7000 - 0x18caa8fff DiagnosticLogCollection arm64  <868f71f0b2aa3e77ae0fbc881da8824b> /System/Library/PrivateFrameworks/DiagnosticLogCollection.framework/DiagnosticLogCollection
0x18caa9000 - 0x18caaafff Marco arm64  <a5bf7b237fe03c74827f71f4e3906931> /System/Library/PrivateFrameworks/Marco.framework/Marco
0x18caab000 - 0x18cab1fff MessageProtection arm64  <27ac5b0a0ff6361a840ddb5a7dfadefc> /System/Library/PrivateFrameworks/MessageProtection.framework/MessageProtection
0x18cab2000 - 0x18cdb9fff StoreServices arm64  <8f777fee8a9530fc9c4b43684ad4d234> /System/Library/PrivateFrameworks/StoreServices.framework/StoreServices
0x18cdba000 - 0x18cdd2fff Engram arm64  <59677e690b3a3387929dad283df7f85e> /System/Library/PrivateFrameworks/Engram.framework/Engram
0x18cdd3000 - 0x18cec6fff IDSFoundation arm64  <1bedc7b637f73fc1bbc4701d35b0e6a6> /System/Library/PrivateFrameworks/IDSFoundation.framework/IDSFoundation
0x18cec7000 - 0x18ced2fff CaptiveNetwork arm64  <df3851b5c19c309aaa816d5d18786725> /System/Library/PrivateFrameworks/CaptiveNetwork.framework/CaptiveNetwork
0x18ced3000 - 0x18cf01fff EAP8021X arm64  <07ed8ba71dfd3b37a89f087bd86aae77> /System/Library/PrivateFrameworks/EAP8021X.framework/EAP8021X
0x18cf02000 - 0x18cf3cfff MobileWiFi arm64  <195c28c5b8063e41a86bf3d69c2d4326> /System/Library/PrivateFrameworks/MobileWiFi.framework/MobileWiFi
0x18cf3d000 - 0x18cf3ffff OAuth arm64  <ec25f1595c163219b07d21a1ebdb902a> /System/Library/PrivateFrameworks/OAuth.framework/OAuth
0x18cf40000 - 0x18cf42fff CommonAuth arm64  <35c1af3f71213eaeb19292fda822e67a> /System/Library/PrivateFrameworks/CommonAuth.framework/CommonAuth
0x18cf43000 - 0x18cfb1fff Heimdal arm64  <e5b00f9b8da530ff8873847e51fb7d5e> /System/Library/PrivateFrameworks/Heimdal.framework/Heimdal
0x18cfb2000 - 0x18cfdbfff GSS arm64  <49ce418d6af83ca6ad95622c72ba2a3e> /System/Library/Frameworks/GSS.framework/GSS
0x18cfdc000 - 0x18cff3fff ApplePushService arm64  <c846a36a730e38ce995323de7421321f> /System/Library/PrivateFrameworks/ApplePushService.framework/ApplePushService
0x18cff4000 - 0x18d08cfff AccountsDaemon arm64  <895c85d305053712b0d7406f7eafe014> /System/Library/PrivateFrameworks/AccountsDaemon.framework/AccountsDaemon
0x18d08d000 - 0x18d0abfff AppleIDSSOAuthentication arm64  <a2ad71e90a133bbbaeab3ab0d1ff4ff7> /System/Library/PrivateFrameworks/AppleIDSSOAuthentication.framework/AppleIDSSOAuthentication
0x18d0ac000 - 0x18d11efff AppleAccount arm64  <e6e0016bf2433e37b360703136de0b53> /System/Library/PrivateFrameworks/AppleAccount.framework/AppleAccount
0x18d11f000 - 0x18d232fff CoreUtils arm64  <60f3ca25f0a5369893147fc45c863105> /System/Library/PrivateFrameworks/CoreUtils.framework/CoreUtils
0x18d233000 - 0x18d34cfff IDS arm64  <87745652d06236e4b5ab2a5547274ea4> /System/Library/PrivateFrameworks/IDS.framework/IDS
0x18d34d000 - 0x18d36dfff MediaServices arm64  <43a188034dc734aeae2112574dd02a51> /System/Library/PrivateFrameworks/MediaServices.framework/MediaServices
0x18d36e000 - 0x18d4dffff MediaRemote arm64  <81f3123ab73a30d59bb3c970b556fdf0> /System/Library/PrivateFrameworks/MediaRemote.framework/MediaRemote
0x18d4e0000 - 0x18d4f6fff UserManagement arm64  <fa80a3eee8ed3df3a9b0621a317b41b5> /System/Library/PrivateFrameworks/UserManagement.framework/UserManagement
0x18d4f7000 - 0x18d506fff MobileBluetooth arm64  <e54850c6cbc8368ba17be75ff6b142eb> /System/Library/PrivateFrameworks/MobileBluetooth.framework/MobileBluetooth
0x18d53d000 - 0x18d562fff FTAWD arm64  <31d0b593bae93294a0892eeb620357fc> /System/Library/PrivateFrameworks/FTAWD.framework/FTAWD
0x18d563000 - 0x18d5b6fff FTServices arm64  <bec1a484c3983c82981ea97a591c4801> /System/Library/PrivateFrameworks/FTServices.framework/FTServices
0x18d5b7000 - 0x18d609fff WirelessProximity arm64  <07985b1d817d3ee9b154fee7cddf2e4b> /System/Library/PrivateFrameworks/WirelessProximity.framework/WirelessProximity
0x18d61f000 - 0x18d670fff ChunkingLibrary arm64  <e85704a007ca308caa3ebe9ba2bc48cd> /System/Library/PrivateFrameworks/ChunkingLibrary.framework/ChunkingLibrary
0x18d671000 - 0x18d67dfff libnetworkextension.dylib arm64  <5588ba0ea8953ab09cfcc7c302e7e5e1> /usr/lib/libnetworkextension.dylib
0x18e47b000 - 0x18e610fff NetworkExtension arm64  <e5e705b8ca49395eb7de42183bb1be6a> /System/Library/Frameworks/NetworkExtension.framework/NetworkExtension
0x18e611000 - 0x18ea14fff SiriTTS arm64  <062af948ed7936c2831d34c36c079414> /System/Library/PrivateFrameworks/SiriTTS.framework/SiriTTS
0x18ea15000 - 0x18ea6efff SAObjects arm64  <9706f5e1d7f73729b8b255f2eaf351e2> /System/Library/PrivateFrameworks/SAObjects.framework/SAObjects
0x18ea6f000 - 0x18eaacfff VoiceServices arm64  <558b4d8d4d8f376189e36ee321eaf3d6> /System/Library/PrivateFrameworks/VoiceServices.framework/VoiceServices
0x18eaad000 - 0x18eaddfff GLKit arm64  <01849b737ba73695ae5e77dc0585bd19> /System/Library/Frameworks/GLKit.framework/GLKit
0x18eade000 - 0x18ebc2fff AssistantServices arm64  <985a426d4a5233c589d5dff111d579cc> /System/Library/PrivateFrameworks/AssistantServices.framework/AssistantServices
0x18ebc3000 - 0x18ebcafff AssetCacheServices arm64  <62e20f91e12536a4bd1822aa9a2cf83e> /System/Library/PrivateFrameworks/AssetCacheServices.framework/AssetCacheServices
0x18ebcb000 - 0x18ec85fff NetworkServiceProxy arm64  <16bed150dad93f18ae29fe03ce26db85> /System/Library/PrivateFrameworks/NetworkServiceProxy.framework/NetworkServiceProxy
0x18ec86000 - 0x18ed7bfff MMCS arm64  <67c800f5201938409716ecd862a6ae9c> /System/Library/PrivateFrameworks/MMCS.framework/MMCS
0x18ed7c000 - 0x18ed88fff BluetoothManager arm64  <eb2690f51461318f8f733823a5bd9baf> /System/Library/PrivateFrameworks/BluetoothManager.framework/BluetoothManager
0x18ee9a000 - 0x18eec7fff PhotosFormats arm64  <a866d1c5ee7f3c15b7059a5d868cdff8> /System/Library/PrivateFrameworks/PhotosFormats.framework/PhotosFormats
0x18efb7000 - 0x18f0d5fff CloudPhotoLibrary arm64  <bcaf1aa4549c3b53b4e58de43292ca08> /System/Library/PrivateFrameworks/CloudPhotoLibrary.framework/CloudPhotoLibrary
0x18f1bb000 - 0x18f1e5fff AssetsLibraryServices arm64  <4724292bf9ce39bab1b420083200bb54> /System/Library/PrivateFrameworks/AssetsLibraryServices.framework/AssetsLibraryServices
0x18f1e6000 - 0x18f21afff ACTFramework arm64  <44708ab553533895a7e953bc8557c321> /System/Library/PrivateFrameworks/ACTFramework.framework/ACTFramework
0x18f21b000 - 0x18f23bfff DCIMServices arm64  <b4a2a6ad3d98322da1cfffcb5adb6827> /System/Library/PrivateFrameworks/DCIMServices.framework/DCIMServices
0x18f23c000 - 0x18f376fff CoreMediaStream arm64  <b7573151e7ba37d9ac85911f07c992df> /System/Library/PrivateFrameworks/CoreMediaStream.framework/CoreMediaStream
0x18f377000 - 0x18f37efff XPCKit arm64  <376bb5e8b8eb3d0db701fa235f66cb1d> /System/Library/PrivateFrameworks/XPCKit.framework/XPCKit
0x18f37f000 - 0x18f465fff CameraKit arm64  <af9dbfd66388349dbe615066cbc9c483> /System/Library/PrivateFrameworks/CameraKit.framework/CameraKit
0x18f466000 - 0x18f47efff CloudPhotoServices arm64  <b52afa1f77e73f048edc7dbdb05730ab> /System/Library/PrivateFrameworks/CloudPhotoServices.framework/CloudPhotoServices
0x18f48b000 - 0x18f4a9fff MediaStream arm64  <6983e33567583f819065482362660feb> /System/Library/PrivateFrameworks/MediaStream.framework/MediaStream
0x18f4aa000 - 0x18f8ccfff PhotoLibraryServices arm64  <03194e4851e437cda84dab1219698bf4> /System/Library/PrivateFrameworks/PhotoLibraryServices.framework/PhotoLibraryServices
0x18f8cd000 - 0x18f903fff PrototypeTools arm64  <c5509c116b8e30d88c82d924e8ce55dd> /System/Library/PrivateFrameworks/PrototypeTools.framework/PrototypeTools
0x18f904000 - 0x18f98ffff CoreSymbolication arm64  <764f455421373db09a19d8108e0cf9a3> /System/Library/PrivateFrameworks/CoreSymbolication.framework/CoreSymbolication
0x18fac5000 - 0x18fb6efff iTunesStore arm64  <ebdbf7abaab03d96a751f4b5a6a87ffe> /System/Library/PrivateFrameworks/iTunesStore.framework/iTunesStore
0x18fb6f000 - 0x18fb75fff libtzupdate.dylib arm64  <14b9516ff0de3d9ebe290d2676f223f6> /usr/lib/libtzupdate.dylib
0x18fb76000 - 0x18fce1fff Preferences arm64  <ee59f17300543d8d9eeaf411620d8c6d> /System/Library/PrivateFrameworks/Preferences.framework/Preferences
0x18fce2000 - 0x18fce9fff CoreTime arm64  <1ddd88ec3124365ab14bd0744851320c> /System/Library/PrivateFrameworks/CoreTime.framework/CoreTime
0x18fcea000 - 0x18fe53fff CVML arm64  <d0831e0b63bb3828818f921f0ccaf0f5> /System/Library/PrivateFrameworks/CVML.framework/CVML
0x18fe54000 - 0x18fea0fff CoreAppleCVA arm64  <3ad3808fe0273644aebce67f4ebb601c> /System/Library/PrivateFrameworks/CoreAppleCVA.framework/CoreAppleCVA
0x18fed8000 - 0x19003ffff AppleCVA arm64  <9a5caa6d2c02355281c7484ba53034b4> /System/Library/PrivateFrameworks/AppleCVA.framework/AppleCVA
0x190040000 - 0x1900dbfff Montreal arm64  <b8d91ba98e9a3e3a802e9b2fdc9d14c9> /System/Library/PrivateFrameworks/Montreal.framework/Montreal
0x1900dc000 - 0x1902b9fff Espresso arm64  <014c5753265a3665baf7f4cd55a148cc> /System/Library/PrivateFrameworks/Espresso.framework/Espresso
0x1902be000 - 0x190410fff Photos arm64  <c48a671e0f433ec1a50003d29bd76ba2> /System/Library/Frameworks/Photos.framework/Photos
0x19041d000 - 0x1905e6fff CoreML arm64  <b630bba175ae3c72936918f0fe48ff2b> /System/Library/Frameworks/CoreML.framework/CoreML
0x1905e7000 - 0x1905ebfff CoreOptimization arm64  <6e61942f08953dd79fd44cc9d4d744f1> /System/Library/PrivateFrameworks/CoreOptimization.framework/CoreOptimization
0x19062a000 - 0x190684fff CorePrediction arm64  <e9db8bd625803d5cadb30d12724983af> /System/Library/PrivateFrameworks/CorePrediction.framework/CorePrediction
0x19079c000 - 0x1907c8fff Futhark arm64  <31e1eb4d39223710ac3eaf6365bd5c64> /System/Library/PrivateFrameworks/Futhark.framework/Futhark
0x190861000 - 0x190873fff BaseBoardUI arm64  <c65d4685d68d3dd5b9cc66280768bd35> /System/Library/PrivateFrameworks/BaseBoardUI.framework/BaseBoardUI
0x190a32000 - 0x190b0efff CorePDF arm64  <27f58f27493a30c3ad6b2f8f2b5b464e> /System/Library/PrivateFrameworks/CorePDF.framework/CorePDF
0x190b0f000 - 0x190d6ffff Vision arm64  <671010031a393fe4850d561b3c42427f> /System/Library/Frameworks/Vision.framework/Vision
0x190d70000 - 0x191126fff WebKit arm64  <c24dc092d27d324cb755db1d25110d33> /System/Library/Frameworks/WebKit.framework/WebKit
0x1911e1000 - 0x1911e6fff ConstantClasses arm64  <ba66372594cb3a2b8db141e6eb25ce2e> /System/Library/PrivateFrameworks/ConstantClasses.framework/ConstantClasses
0x1911f0000 - 0x191234fff AXRuntime arm64  <fbae68f59cda3b78988dd62c1616681d> /System/Library/PrivateFrameworks/AXRuntime.framework/AXRuntime
0x191235000 - 0x19126cfff ScreenReaderCore arm64  <3471347a46b23172ac46f515d3f22e96> /System/Library/PrivateFrameworks/ScreenReaderCore.framework/ScreenReaderCore
0x19126d000 - 0x191291fff TextToSpeech arm64  <733f4e2940e830f9a029d5032c9f8ffe> /System/Library/PrivateFrameworks/TextToSpeech.framework/TextToSpeech
0x191292000 - 0x1912d8fff CoreMIDI arm64  <cbe0ac6dd252317792c2ea306bbb0f31> /System/Library/Frameworks/CoreMIDI.framework/CoreMIDI
0x1913dd000 - 0x1913dffff libAXSafeCategoryBundle.dylib arm64  <aa17b46d32e83e5c9a6dfd29c2df837b> /usr/lib/libAXSafeCategoryBundle.dylib
0x1913e0000 - 0x1913eafff libAXSpeechManager.dylib arm64  <04f1a3f18e61319ca2925f28b11dd750> /usr/lib/libAXSpeechManager.dylib
0x1913eb000 - 0x1914cefff AccessibilityUtilities arm64  <125b3413cc15314fa6c3398310ede370> /System/Library/PrivateFrameworks/AccessibilityUtilities.framework/AccessibilityUtilities
0x1917a8000 - 0x1917a8fff AdSupport arm64  <52aeb59762cc30399d7dd506a9739686> /System/Library/Frameworks/AdSupport.framework/AdSupport
0x192509000 - 0x19257efff WebInspector arm64  <1c955495e1053662b2fbf8fdd65c7d3a> /System/Library/PrivateFrameworks/WebInspector.framework/WebInspector
0x19257f000 - 0x192667fff ITMLKit arm64  <058156a1c41a38c4b501e6fe24ffeda5> /System/Library/PrivateFrameworks/ITMLKit.framework/ITMLKit
0x192cbd000 - 0x192cd4fff AccessibilityUIUtilities arm64  <e98cd5a8a9343e48b18168229de2513b> /System/Library/PrivateFrameworks/Accessibility.framework/Frameworks/AccessibilityUIUtilities.framework/AccessibilityUIUtilities
0x192d31000 - 0x192d44fff AssetsLibrary arm64  <c7ae30f9006b398bacc0a8ba8c02bb1d> /System/Library/Frameworks/AssetsLibrary.framework/AssetsLibrary
0x192f24000 - 0x192f7ffff AXMediaUtilities arm64  <e46ef8fd11253db2b6056d8ba359614a> /System/Library/PrivateFrameworks/AXMediaUtilities.framework/AXMediaUtilities
0x193017000 - 0x1930b8fff Social arm64  <bcd6acd245643a579fc372a3931754e7> /System/Library/Frameworks/Social.framework/Social
0x19314a000 - 0x193160fff CoreFollowUp arm64  <93dc9e73089c3d4fab530a8616e47f74> /System/Library/PrivateFrameworks/CoreFollowUp.framework/CoreFollowUp
0x1938e4000 - 0x1938e7fff FTClientServices arm64  <52cd266e15763e84b4c5d74dc39340bf> /System/Library/PrivateFrameworks/FTClientServices.framework/FTClientServices
0x193e00000 - 0x193e0bfff SetupAssistantSupport arm64  <b83835fdcbd832b180bac6032853e4f0> /System/Library/PrivateFrameworks/SetupAssistantSupport.framework/SetupAssistantSupport
0x193e0c000 - 0x193e33fff SetupAssistant arm64  <2caf40cb88813ab1a88ed59dbd1a2574> /System/Library/PrivateFrameworks/SetupAssistant.framework/SetupAssistant
0x194ae6000 - 0x194afffff CoreSDB arm64  <229b75abfcaf392a85310454d48dc998> /System/Library/PrivateFrameworks/CoreSDB.framework/CoreSDB
0x194b00000 - 0x194b5dfff IMSharedUtilities arm64  <4a075265a2373303bc05e0e30c6ff031> /System/Library/PrivateFrameworks/IMSharedUtilities.framework/IMSharedUtilities
0x194b5e000 - 0x194b64fff LinguisticData arm64  <2969e85aec473964927ee546d62027d7> /System/Library/PrivateFrameworks/LinguisticData.framework/LinguisticData
0x1951d2000 - 0x1951edfff EmojiFoundation arm64  <3948ceefa85f3c77bab3442a5a8b9ff9> /System/Library/PrivateFrameworks/EmojiFoundation.framework/EmojiFoundation
0x1951ee000 - 0x195301fff IMDPersistence arm64  <3c99bb27d6a43213b8d14429d417ada5> /System/Library/PrivateFrameworks/IMDPersistence.framework/IMDPersistence
0x195302000 - 0x19531cfff MetalKit arm64  <293c79a715cb37bdb521750ac5d2fabd> /System/Library/Frameworks/MetalKit.framework/MetalKit
0x196124000 - 0x1962c4fff IMCore arm64  <180d93897564359f9446364617e55ff8> /System/Library/PrivateFrameworks/IMCore.framework/IMCore
0x1962de000 - 0x196324fff Pasteboard arm64  <714f17a8180f3722ad353064ce69fb4d> /System/Library/PrivateFrameworks/Pasteboard.framework/Pasteboard
0x197ccd000 - 0x197cd1fff AccessibilityUIShared arm64  <c0fee3e1c3e838b3938100fde7284e57> /System/Library/PrivateFrameworks/Accessibility.framework/Frameworks/AccessibilityUIShared.framework/AccessibilityUIShared
0x19802f000 - 0x198084fff CallKit arm64  <135416435f37330b8ef0c0c381461b49> /System/Library/Frameworks/CallKit.framework/CallKit
0x198085000 - 0x19808bfff AccessibilityUI arm64  <3e8319c4a31a37b2b58b859ffee35ef4> /System/Library/PrivateFrameworks/Accessibility.framework/Frameworks/AccessibilityUI.framework/AccessibilityUI
0x1980e6000 - 0x198142fff IMAVCore arm64  <c0763d57f47a34fe89a42f44f801f703> /System/Library/PrivateFrameworks/IMAVCore.framework/IMAVCore
0x19c0aa000 - 0x19c0acfff SpeakTypingServices arm64  <296fca9d496a32c584834677b57e0648> /System/Library/PrivateFrameworks/Accessibility.framework/Frameworks/SpeakTypingServices.framework/SpeakTypingServices
0x19c0ad000 - 0x19c0b2fff ZoomServices arm64  <b0c90284cd613336ba6b4cb0d562625a> /System/Library/PrivateFrameworks/Accessibility.framework/Frameworks/ZoomServices.framework/ZoomServices
0x1a011c000 - 0x1a0127fff SymptomReporter arm64  <de5f883234343101a48108d997759c87> /System/Library/PrivateFrameworks/SymptomReporter.framework/SymptomReporter
0x1a0cb8000 - 0x1a0cc6fff AccessibilitySettingsLoader arm64  <427c99de44da38feacba104cb8777408> /System/Library/AccessibilityBundles/AccessibilitySettingsLoader.bundle/AccessibilitySettingsLoader
0x1a1519000 - 0x1a152dfff libCGInterfaces.dylib arm64  <fa21578480423183907f3bd84e809893> /System/Library/Frameworks/Accelerate.framework/Frameworks/vImage.framework/Libraries/libCGInterfaces.dylib
0x1a39ad000 - 0x1a39d4fff CoreServicesInternal arm64  <0927f80bd9de335e9ce3eb812e695e6a> /System/Library/PrivateFrameworks/CoreServicesInternal.framework/CoreServicesInternal
0x1a3fa7000 - 0x1a3fb8fff libGSFontCache.dylib arm64  <50b74f1d848d3bb693fedc5ec5abcdd4> /System/Library/PrivateFrameworks/FontServices.framework/libGSFontCache.dylib
0x1a3fb9000 - 0x1a3febfff libTrueTypeScaler.dylib arm64  <368042c6615c3311b21a920e048e67f9> /System/Library/PrivateFrameworks/FontServices.framework/libTrueTypeScaler.dylib
0x1a5782000 - 0x1a5785fff InternationalSupport arm64  <ee6d1235952e38c5a2cceb4377192f5b> /System/Library/PrivateFrameworks/InternationalSupport.framework/InternationalSupport
0x1a74fa000 - 0x1a74fffff TextInputUI arm64  <a9ccf8c19885389abec1e24b4bae422f> /System/Library/PrivateFrameworks/TextInputUI.framework/TextInputUI
0x1a951e000 - 0x1a954ffff libclosured.dylib arm64  <aefc8840686d30a88277d7efcb70abaf> /usr/lib/closure/libclosured.dylib

EOF

